<?xml version="1.0" encoding="UTF-8"?>
<testng-results skipped="0" failed="0" total="1" passed="1">
  <reporter-output>
  </reporter-output>
  <suite name="Suite" duration-ms="243803" started-at="2014-09-15T04:36:19Z" finished-at="2014-09-15T04:40:23Z">
    <groups>
    </groups>
    <test name="FlightMulticity Test" duration-ms="243803" started-at="2014-09-15T04:36:19Z" finished-at="2014-09-15T04:40:23Z">
      <class name="com.Yatra.automationscript.Demo">
        <test-method status="PASS" signature="TakeScreenShoot()[pri:0, instance:com.Yatra.automationscript.Demo@15669ae]" name="TakeScreenShoot" duration-ms="243782" started-at="2014-09-15T10:06:19Z" finished-at="2014-09-15T10:10:23Z">
          <reporter-output>
          </reporter-output>
        </test-method> <!-- TakeScreenShoot -->
      </class> <!-- com.Yatra.automationscript.Demo -->
    </test> <!-- FlightMulticity Test -->
  </suite> <!-- Suite -->
</testng-results>
